<?xml version="1.0" encoding="UTF-8"?>
<!-- Generated by org.testng.reporters.JUnitXMLReporter -->
<testsuite ignored="2" hostname="DESKTOP-RSF23UP" failures="0" tests="1" name="Default test" time="3.805" errors="0" timestamp="2025-06-14T18:20:33 IST">
  <testcase classname="testNG.ParallelTesting" name="chrome" time="3.742"/>
  <testcase classname="testNG.ParallelTesting" name="firefox" time="0.0">
    <ignored/>
  </testcase> <!-- firefox -->
  <testcase classname="testNG.ParallelTesting" name="edge" time="0.0">
    <ignored/>
  </testcase> <!-- edge -->
</testsuite> <!-- Default test -->
