<?xml version="1.0" encoding="UTF-8"?>
<testng-results ignored="0" total="1" passed="1" failed="0" skipped="0">
  <reporter-output>
  </reporter-output>
  <suite started-at="2025-04-14T19:03:44 IST" name="Default suite" finished-at="2025-04-14T19:04:00 IST" duration-ms="15105">
    <groups>
      <group name="cucumber">
        <method signature="AbstractTestNGCucumberTests.runScenario(io.cucumber.testng.PickleWrapper,io.cucumber.testng.FeatureWrapper)[pri:0, instance:cucumber_ecommerce_project.testrunner@11fc564b]" name="runScenario" class="io.cucumber.testng.AbstractTestNGCucumberTests"/>
      </group> <!-- cucumber -->
    </groups>
    <test started-at="2025-04-14T19:03:44 IST" name="Default test" finished-at="2025-04-14T19:04:00 IST" duration-ms="15105">
      <class name="cucumber_ecommerce_project.testrunner">
        <test-method is-config="true" signature="setUpClass(org.testng.ITestContext)[pri:0, instance:cucumber_ecommerce_project.testrunner@11fc564b]" started-at="2025-04-14T19:03:45 IST" name="setUpClass" finished-at="2025-04-14T19:03:45 IST" duration-ms="659" status="PASS">
          <params>
            <param index="0">
              <value>
                <![CDATA[org.testng.TestRunner@2a32fb6]]>
              </value>
            </param>
          </params>
          <reporter-output>
          </reporter-output>
        </test-method> <!-- setUpClass -->
        <test-method signature="runScenario(io.cucumber.testng.PickleWrapper,io.cucumber.testng.FeatureWrapper)[pri:0, instance:cucumber_ecommerce_project.testrunner@11fc564b]" started-at="2025-04-14T19:03:45 IST" name="runScenario" description="Runs Cucumber Scenarios" data-provider="scenarios" finished-at="2025-04-14T19:04:00 IST" duration-ms="14344" status="PASS">
          <params>
            <param index="0">
              <value>
                <![CDATA["user create a new account"]]>
              </value>
            </param>
            <param index="1">
              <value>
                <![CDATA["Registration form"]]>
              </value>
            </param>
          </params>
          <reporter-output>
          </reporter-output>
        </test-method> <!-- runScenario -->
        <test-method is-config="true" signature="tearDownClass()[pri:0, instance:cucumber_ecommerce_project.testrunner@11fc564b]" started-at="2025-04-14T19:04:00 IST" name="tearDownClass" finished-at="2025-04-14T19:04:00 IST" duration-ms="50" status="PASS">
          <reporter-output>
          </reporter-output>
        </test-method> <!-- tearDownClass -->
      </class> <!-- cucumber_ecommerce_project.testrunner -->
    </test> <!-- Default test -->
  </suite> <!-- Default suite -->
</testng-results>
