<?xml version="1.0" encoding="UTF-8"?>
<testng-results ignored="0" total="1" passed="1" failed="0" skipped="0">
  <reporter-output>
  </reporter-output>
  <suite started-at="2025-06-17T10:59:09 IST" name="Suite" finished-at="2025-06-17T10:59:28 IST" duration-ms="19063">
    <groups>
    </groups>
    <test started-at="2025-06-17T10:59:09 IST" name="Test" finished-at="2025-06-17T10:59:28 IST" duration-ms="19063">
      <class name="testNG.Parameterization">
        <test-method signature="check(java.lang.String)[pri:0, instance:testNG.Parameterization@37ceb1df]" started-at="2025-06-17T10:59:09 IST" name="check" finished-at="2025-06-17T10:59:28 IST" duration-ms="19011" status="PASS">
          <params>
            <param index="0">
              <value>
                <![CDATA[edge]]>
              </value>
            </param>
          </params>
          <reporter-output>
          </reporter-output>
        </test-method> <!-- check -->
      </class> <!-- testNG.Parameterization -->
    </test> <!-- Test -->
  </suite> <!-- Suite -->
</testng-results>
